{"C:\\dev\\rocketseat\\react native\\ignite-react-native\\gofinances\\src\\components\\Forms\\Button\\index.tsx": {"path":"C:\\dev\\rocketseat\\react native\\ignite-react-native\\gofinances\\src\\components\\Forms\\Button\\index.tsx","statementMap":{"0":{"start":{"line":12,"column":2},"end":{"line":16,"column":4}}},"fnMap":{"0":{"name":"Button","decl":{"start":{"line":11,"column":16},"end":{"line":11,"column":22}},"loc":{"start":{"line":11,"column":58},"end":{"line":17,"column":1}},"line":11}},"branchMap":{},"s":{"0":4},"f":{"0":4},"b":{},"_coverageSchema":"1a1c01bbd47fc00a2c39e90264f33305004495a9","hash":"a4439d99b48c7fc5d9a5a3878dac0003760d24aa"}
,"C:\\dev\\rocketseat\\react native\\ignite-react-native\\gofinances\\src\\components\\Forms\\CategorySelectButton\\index.tsx": {"path":"C:\\dev\\rocketseat\\react native\\ignite-react-native\\gofinances\\src\\components\\Forms\\CategorySelectButton\\index.tsx","statementMap":{"0":{"start":{"line":15,"column":2},"end":{"line":20,"column":4}}},"fnMap":{"0":{"name":"CategorySelectButton","decl":{"start":{"line":14,"column":16},"end":{"line":14,"column":36}},"loc":{"start":{"line":14,"column":71},"end":{"line":21,"column":1}},"line":14}},"branchMap":{},"s":{"0":2},"f":{"0":2},"b":{},"_coverageSchema":"1a1c01bbd47fc00a2c39e90264f33305004495a9","hash":"0baaf8145f553be5eba59da7e8e5555b02eadbbb"}
,"C:\\dev\\rocketseat\\react native\\ignite-react-native\\gofinances\\src\\components\\Forms\\Input\\index.tsx": {"path":"C:\\dev\\rocketseat\\react native\\ignite-react-native\\gofinances\\src\\components\\Forms\\Input\\index.tsx","statementMap":{"0":{"start":{"line":13,"column":2},"end":{"line":15,"column":16}}},"fnMap":{"0":{"name":"Input","decl":{"start":{"line":12,"column":9},"end":{"line":12,"column":14}},"loc":{"start":{"line":12,"column":54},"end":{"line":16,"column":1}},"line":12}},"branchMap":{"0":{"loc":{"start":{"line":12,"column":19},"end":{"line":12,"column":33}},"type":"default-arg","locations":[{"start":{"line":12,"column":28},"end":{"line":12,"column":33}}],"line":12}},"s":{"0":5},"f":{"0":5},"b":{"0":[4]},"_coverageSchema":"1a1c01bbd47fc00a2c39e90264f33305004495a9","hash":"271c47e19115356d37748f007a63524bbac56e3b"}
,"C:\\dev\\rocketseat\\react native\\ignite-react-native\\gofinances\\src\\components\\Forms\\InputForm\\index.tsx": {"path":"C:\\dev\\rocketseat\\react native\\ignite-react-native\\gofinances\\src\\components\\Forms\\InputForm\\index.tsx","statementMap":{"0":{"start":{"line":15,"column":2},"end":{"line":26,"column":4}},"1":{"start":{"line":20,"column":10},"end":{"line":20,"column":67}}},"fnMap":{"0":{"name":"InputForm","decl":{"start":{"line":14,"column":16},"end":{"line":14,"column":25}},"loc":{"start":{"line":14,"column":68},"end":{"line":27,"column":1}},"line":14},"1":{"name":"(anonymous_1)","decl":{"start":{"line":19,"column":16},"end":{"line":19,"column":17}},"loc":{"start":{"line":20,"column":10},"end":{"line":20,"column":67}},"line":20}},"branchMap":{"0":{"loc":{"start":{"line":24,"column":7},"end":{"line":24,"column":38}},"type":"binary-expr","locations":[{"start":{"line":24,"column":7},"end":{"line":24,"column":12}},{"start":{"line":24,"column":16},"end":{"line":24,"column":38}}],"line":24}},"s":{"0":4,"1":4},"f":{"0":4,"1":4},"b":{"0":[4,0]},"_coverageSchema":"1a1c01bbd47fc00a2c39e90264f33305004495a9","hash":"e91384bfa2cefcfb57f60599c293070730c114df"}
,"C:\\dev\\rocketseat\\react native\\ignite-react-native\\gofinances\\src\\components\\Forms\\TransactionTypeButton\\index.tsx": {"path":"C:\\dev\\rocketseat\\react native\\ignite-react-native\\gofinances\\src\\components\\Forms\\TransactionTypeButton\\index.tsx","statementMap":{"0":{"start":{"line":8,"column":14},"end":{"line":11,"column":1}},"1":{"start":{"line":20,"column":2},"end":{"line":27,"column":4}}},"fnMap":{"0":{"name":"TransactionTypeButton","decl":{"start":{"line":19,"column":16},"end":{"line":19,"column":37}},"loc":{"start":{"line":19,"column":79},"end":{"line":28,"column":1}},"line":19}},"branchMap":{},"s":{"0":1,"1":4},"f":{"0":4},"b":{},"_coverageSchema":"1a1c01bbd47fc00a2c39e90264f33305004495a9","hash":"2bc1638dbe30ff8ca3e9cceb1ec28101c1345cab"}
,"C:\\dev\\rocketseat\\react native\\ignite-react-native\\gofinances\\src\\components\\HighlightCard\\index.tsx": {"path":"C:\\dev\\rocketseat\\react native\\ignite-react-native\\gofinances\\src\\components\\HighlightCard\\index.tsx","statementMap":{"0":{"start":{"line":20,"column":13},"end":{"line":24,"column":1}},"1":{"start":{"line":27,"column":2},"end":{"line":39,"column":4}}},"fnMap":{"0":{"name":"HighlightCard","decl":{"start":{"line":26,"column":16},"end":{"line":26,"column":29}},"loc":{"start":{"line":26,"column":78},"end":{"line":40,"column":1}},"line":26}},"branchMap":{},"s":{"0":0,"1":0},"f":{"0":0},"b":{}}
,"C:\\dev\\rocketseat\\react native\\ignite-react-native\\gofinances\\src\\components\\HistoryCard\\index.tsx": {"path":"C:\\dev\\rocketseat\\react native\\ignite-react-native\\gofinances\\src\\components\\HistoryCard\\index.tsx","statementMap":{"0":{"start":{"line":12,"column":2},"end":{"line":17,"column":4}}},"fnMap":{"0":{"name":"HistoryCard","decl":{"start":{"line":11,"column":16},"end":{"line":11,"column":27}},"loc":{"start":{"line":11,"column":61},"end":{"line":18,"column":1}},"line":11}},"branchMap":{},"s":{"0":0},"f":{"0":0},"b":{}}
,"C:\\dev\\rocketseat\\react native\\ignite-react-native\\gofinances\\src\\components\\SignInSocialButton\\index.tsx": {"path":"C:\\dev\\rocketseat\\react native\\ignite-react-native\\gofinances\\src\\components\\SignInSocialButton\\index.tsx","statementMap":{"0":{"start":{"line":13,"column":2},"end":{"line":22,"column":4}}},"fnMap":{"0":{"name":"SignInSocialButton","decl":{"start":{"line":12,"column":16},"end":{"line":12,"column":34}},"loc":{"start":{"line":12,"column":72},"end":{"line":23,"column":1}},"line":12}},"branchMap":{},"s":{"0":0},"f":{"0":0},"b":{}}
,"C:\\dev\\rocketseat\\react native\\ignite-react-native\\gofinances\\src\\components\\TransactionCard\\index.tsx": {"path":"C:\\dev\\rocketseat\\react native\\ignite-react-native\\gofinances\\src\\components\\TransactionCard\\index.tsx","statementMap":{"0":{"start":{"line":31,"column":21},"end":{"line":31,"column":73}},"1":{"start":{"line":31,"column":47},"end":{"line":31,"column":72}},"2":{"start":{"line":33,"column":2},"end":{"line":48,"column":4}}},"fnMap":{"0":{"name":"TransactionCard","decl":{"start":{"line":29,"column":16},"end":{"line":29,"column":31}},"loc":{"start":{"line":29,"column":49},"end":{"line":49,"column":1}},"line":29},"1":{"name":"(anonymous_1)","decl":{"start":{"line":31,"column":39},"end":{"line":31,"column":40}},"loc":{"start":{"line":31,"column":47},"end":{"line":31,"column":72}},"line":31}},"branchMap":{"0":{"loc":{"start":{"line":37,"column":9},"end":{"line":37,"column":40}},"type":"binary-expr","locations":[{"start":{"line":37,"column":9},"end":{"line":37,"column":32}},{"start":{"line":37,"column":36},"end":{"line":37,"column":40}}],"line":37}},"s":{"0":0,"1":0,"2":0},"f":{"0":0,"1":0},"b":{"0":[0,0]}}
,"C:\\dev\\rocketseat\\react native\\ignite-react-native\\gofinances\\src\\hooks\\auth.tsx": {"path":"C:\\dev\\rocketseat\\react native\\ignite-react-native\\gofinances\\src\\hooks\\auth.tsx","statementMap":{"0":{"start":{"line":26,"column":20},"end":{"line":26,"column":57}},"1":{"start":{"line":29,"column":26},"end":{"line":29,"column":52}},"2":{"start":{"line":30,"column":50},"end":{"line":30,"column":64}},"3":{"start":{"line":31,"column":21},"end":{"line":31,"column":39}},"4":{"start":{"line":33,"column":2},"end":{"line":46,"column":8}},"5":{"start":{"line":34,"column":18},"end":{"line":43,"column":5}},"6":{"start":{"line":36,"column":27},"end":{"line":38,"column":7}},"7":{"start":{"line":39,"column":6},"end":{"line":41,"column":7}},"8":{"start":{"line":40,"column":8},"end":{"line":40,"column":41}},"9":{"start":{"line":42,"column":6},"end":{"line":42,"column":29}},"10":{"start":{"line":45,"column":4},"end":{"line":45,"column":11}},"11":{"start":{"line":49,"column":4},"end":{"line":75,"column":5}},"12":{"start":{"line":50,"column":21},"end":{"line":56,"column":8}},"13":{"start":{"line":58,"column":6},"end":{"line":72,"column":7}},"14":{"start":{"line":59,"column":27},"end":{"line":64,"column":9}},"15":{"start":{"line":65,"column":8},"end":{"line":65,"column":32}},"16":{"start":{"line":66,"column":8},"end":{"line":66,"column":27}},"17":{"start":{"line":67,"column":8},"end":{"line":70,"column":10}},"18":{"start":{"line":74,"column":6},"end":{"line":74,"column":29}},"19":{"start":{"line":79,"column":4},"end":{"line":108,"column":5}},"20":{"start":{"line":80,"column":25},"end":{"line":85,"column":8}},"21":{"start":{"line":87,"column":6},"end":{"line":105,"column":7}},"22":{"start":{"line":89,"column":21},"end":{"line":89,"column":52}},"23":{"start":{"line":90,"column":22},"end":{"line":90,"column":73}},"24":{"start":{"line":92,"column":27},"end":{"line":97,"column":9}},"25":{"start":{"line":98,"column":8},"end":{"line":98,"column":32}},"26":{"start":{"line":99,"column":8},"end":{"line":99,"column":27}},"27":{"start":{"line":100,"column":8},"end":{"line":103,"column":10}},"28":{"start":{"line":107,"column":6},"end":{"line":107,"column":29}},"29":{"start":{"line":112,"column":4},"end":{"line":112,"column":24}},"30":{"start":{"line":113,"column":4},"end":{"line":113,"column":45}},"31":{"start":{"line":116,"column":2},"end":{"line":128,"column":4}},"32":{"start":{"line":132,"column":18},"end":{"line":132,"column":41}},"33":{"start":{"line":133,"column":2},"end":{"line":133,"column":17}}},"fnMap":{"0":{"name":"AuthProvider","decl":{"start":{"line":28,"column":9},"end":{"line":28,"column":21}},"loc":{"start":{"line":28,"column":55},"end":{"line":129,"column":1}},"line":28},"1":{"name":"(anonymous_1)","decl":{"start":{"line":33,"column":12},"end":{"line":33,"column":13}},"loc":{"start":{"line":33,"column":18},"end":{"line":46,"column":3}},"line":33},"2":{"name":"(anonymous_2)","decl":{"start":{"line":34,"column":18},"end":{"line":34,"column":19}},"loc":{"start":{"line":34,"column":30},"end":{"line":43,"column":5}},"line":34},"3":{"name":"signInWithGoogle","decl":{"start":{"line":48,"column":17},"end":{"line":48,"column":33}},"loc":{"start":{"line":48,"column":36},"end":{"line":76,"column":3}},"line":48},"4":{"name":"signInWithApple","decl":{"start":{"line":78,"column":17},"end":{"line":78,"column":32}},"loc":{"start":{"line":78,"column":35},"end":{"line":109,"column":3}},"line":78},"5":{"name":"signOut","decl":{"start":{"line":111,"column":17},"end":{"line":111,"column":24}},"loc":{"start":{"line":111,"column":26},"end":{"line":114,"column":3}},"line":111},"6":{"name":"useAuth","decl":{"start":{"line":131,"column":9},"end":{"line":131,"column":16}},"loc":{"start":{"line":131,"column":19},"end":{"line":134,"column":1}},"line":131}},"branchMap":{"0":{"loc":{"start":{"line":39,"column":6},"end":{"line":41,"column":7}},"type":"if","locations":[{"start":{"line":39,"column":6},"end":{"line":41,"column":7}},{"start":{"line":39,"column":6},"end":{"line":41,"column":7}}],"line":39},"1":{"loc":{"start":{"line":58,"column":6},"end":{"line":72,"column":7}},"type":"if","locations":[{"start":{"line":58,"column":6},"end":{"line":72,"column":7}},{"start":{"line":58,"column":6},"end":{"line":72,"column":7}}],"line":58},"2":{"loc":{"start":{"line":87,"column":6},"end":{"line":105,"column":7}},"type":"if","locations":[{"start":{"line":87,"column":6},"end":{"line":105,"column":7}},{"start":{"line":87,"column":6},"end":{"line":105,"column":7}}],"line":87}},"s":{"0":2,"1":5,"2":5,"3":5,"4":5,"5":3,"6":3,"7":3,"8":0,"9":3,"10":3,"11":3,"12":3,"13":3,"14":1,"15":1,"16":1,"17":1,"18":0,"19":0,"20":0,"21":0,"22":0,"23":0,"24":0,"25":0,"26":0,"27":0,"28":0,"29":0,"30":0,"31":5,"32":6,"33":6},"f":{"0":5,"1":3,"2":3,"3":3,"4":0,"5":0,"6":6},"b":{"0":[0,3],"1":[1,2],"2":[0,0]},"_coverageSchema":"1a1c01bbd47fc00a2c39e90264f33305004495a9","hash":"cc277ac66926c144ff4d06a2d822cb16f9009951"}
,"C:\\dev\\rocketseat\\react native\\ignite-react-native\\gofinances\\src\\routes\\app.routes.tsx": {"path":"C:\\dev\\rocketseat\\react native\\ignite-react-native\\gofinances\\src\\routes\\app.routes.tsx","statementMap":{"0":{"start":{"line":10,"column":30},"end":{"line":10,"column":56}},"1":{"start":{"line":14,"column":16},"end":{"line":14,"column":26}},"2":{"start":{"line":16,"column":2},"end":{"line":56,"column":3}},"3":{"start":{"line":33,"column":11},"end":{"line":33,"column":82}},"4":{"start":{"line":42,"column":10},"end":{"line":42,"column":73}},"5":{"start":{"line":51,"column":10},"end":{"line":51,"column":70}}},"fnMap":{"0":{"name":"AppRoutes","decl":{"start":{"line":12,"column":16},"end":{"line":12,"column":25}},"loc":{"start":{"line":12,"column":27},"end":{"line":57,"column":1}},"line":12},"1":{"name":"(anonymous_1)","decl":{"start":{"line":32,"column":22},"end":{"line":32,"column":23}},"loc":{"start":{"line":33,"column":11},"end":{"line":33,"column":82}},"line":33},"2":{"name":"(anonymous_2)","decl":{"start":{"line":41,"column":21},"end":{"line":41,"column":22}},"loc":{"start":{"line":42,"column":10},"end":{"line":42,"column":73}},"line":42},"3":{"name":"(anonymous_3)","decl":{"start":{"line":50,"column":21},"end":{"line":50,"column":22}},"loc":{"start":{"line":51,"column":10},"end":{"line":51,"column":70}},"line":51}},"branchMap":{"0":{"loc":{"start":{"line":23,"column":26},"end":{"line":23,"column":55}},"type":"cond-expr","locations":[{"start":{"line":23,"column":49},"end":{"line":23,"column":51}},{"start":{"line":23,"column":54},"end":{"line":23,"column":55}}],"line":23}},"s":{"0":0,"1":0,"2":0,"3":0,"4":0,"5":0},"f":{"0":0,"1":0,"2":0,"3":0},"b":{"0":[0,0]}}
,"C:\\dev\\rocketseat\\react native\\ignite-react-native\\gofinances\\src\\routes\\auth.routes.tsx": {"path":"C:\\dev\\rocketseat\\react native\\ignite-react-native\\gofinances\\src\\routes\\auth.routes.tsx","statementMap":{"0":{"start":{"line":6,"column":30},"end":{"line":6,"column":52}},"1":{"start":{"line":9,"column":2},"end":{"line":18,"column":3}}},"fnMap":{"0":{"name":"AuRoutes","decl":{"start":{"line":8,"column":16},"end":{"line":8,"column":24}},"loc":{"start":{"line":8,"column":26},"end":{"line":19,"column":1}},"line":8}},"branchMap":{},"s":{"0":0,"1":0},"f":{"0":0},"b":{}}
,"C:\\dev\\rocketseat\\react native\\ignite-react-native\\gofinances\\src\\routes\\index.tsx": {"path":"C:\\dev\\rocketseat\\react native\\ignite-react-native\\gofinances\\src\\routes\\index.tsx","statementMap":{"0":{"start":{"line":10,"column":19},"end":{"line":10,"column":28}},"1":{"start":{"line":12,"column":2},"end":{"line":16,"column":4}}},"fnMap":{"0":{"name":"Routes","decl":{"start":{"line":9,"column":16},"end":{"line":9,"column":22}},"loc":{"start":{"line":9,"column":25},"end":{"line":17,"column":1}},"line":9}},"branchMap":{"0":{"loc":{"start":{"line":14,"column":7},"end":{"line":14,"column":46}},"type":"cond-expr","locations":[{"start":{"line":14,"column":18},"end":{"line":14,"column":31}},{"start":{"line":14,"column":34},"end":{"line":14,"column":46}}],"line":14}},"s":{"0":0,"1":0},"f":{"0":0},"b":{"0":[0,0]}}
,"C:\\dev\\rocketseat\\react native\\ignite-react-native\\gofinances\\src\\screens\\CategorySelect\\index.tsx": {"path":"C:\\dev\\rocketseat\\react native\\ignite-react-native\\gofinances\\src\\screens\\CategorySelect\\index.tsx","statementMap":{"0":{"start":{"line":34,"column":4},"end":{"line":34,"column":22}},"1":{"start":{"line":37,"column":2},"end":{"line":63,"column":4}},"2":{"start":{"line":46,"column":32},"end":{"line":46,"column":40}},"3":{"start":{"line":48,"column":10},"end":{"line":54,"column":21}},"4":{"start":{"line":49,"column":25},"end":{"line":49,"column":54}},"5":{"start":{"line":56,"column":38},"end":{"line":56,"column":51}}},"fnMap":{"0":{"name":"CategorySelect","decl":{"start":{"line":28,"column":16},"end":{"line":28,"column":30}},"loc":{"start":{"line":32,"column":10},"end":{"line":64,"column":1}},"line":32},"1":{"name":"handleSelectionCategory","decl":{"start":{"line":33,"column":11},"end":{"line":33,"column":34}},"loc":{"start":{"line":33,"column":51},"end":{"line":35,"column":3}},"line":33},"2":{"name":"(anonymous_2)","decl":{"start":{"line":46,"column":22},"end":{"line":46,"column":23}},"loc":{"start":{"line":46,"column":32},"end":{"line":46,"column":40}},"line":46},"3":{"name":"(anonymous_3)","decl":{"start":{"line":47,"column":20},"end":{"line":47,"column":21}},"loc":{"start":{"line":48,"column":10},"end":{"line":54,"column":21}},"line":48},"4":{"name":"(anonymous_4)","decl":{"start":{"line":49,"column":19},"end":{"line":49,"column":20}},"loc":{"start":{"line":49,"column":25},"end":{"line":49,"column":54}},"line":49},"5":{"name":"(anonymous_5)","decl":{"start":{"line":56,"column":32},"end":{"line":56,"column":33}},"loc":{"start":{"line":56,"column":38},"end":{"line":56,"column":51}},"line":56}},"branchMap":{},"s":{"0":0,"1":2,"2":12,"3":12,"4":0,"5":10},"f":{"0":2,"1":0,"2":12,"3":12,"4":0,"5":10},"b":{},"_coverageSchema":"1a1c01bbd47fc00a2c39e90264f33305004495a9","hash":"3c20be816af4eea6b70b4ccfe93e5525b0c138d5"}
,"C:\\dev\\rocketseat\\react native\\ignite-react-native\\gofinances\\src\\screens\\Dashboard\\index.tsx": {"path":"C:\\dev\\rocketseat\\react native\\ignite-react-native\\gofinances\\src\\screens\\Dashboard\\index.tsx","statementMap":{"0":{"start":{"line":47,"column":26},"end":{"line":47,"column":55}},"1":{"start":{"line":48,"column":36},"end":{"line":48,"column":50}},"2":{"start":{"line":49,"column":16},"end":{"line":49,"column":26}},"3":{"start":{"line":50,"column":44},"end":{"line":52,"column":3}},"4":{"start":{"line":53,"column":28},"end":{"line":53,"column":37}},"5":{"start":{"line":55,"column":21},"end":{"line":55,"column":22}},"6":{"start":{"line":56,"column":23},"end":{"line":56,"column":24}},"7":{"start":{"line":62,"column":31},"end":{"line":62,"column":78}},"8":{"start":{"line":62,"column":59},"end":{"line":62,"column":77}},"9":{"start":{"line":64,"column":4},"end":{"line":64,"column":49}},"10":{"start":{"line":64,"column":40},"end":{"line":64,"column":49}},"11":{"start":{"line":66,"column":28},"end":{"line":71,"column":5}},"12":{"start":{"line":69,"column":41},"end":{"line":69,"column":70}},"13":{"start":{"line":73,"column":4},"end":{"line":78,"column":8}},"14":{"start":{"line":82,"column":4},"end":{"line":82,"column":21}},"15":{"start":{"line":83,"column":4},"end":{"line":83,"column":23}},"16":{"start":{"line":85,"column":20},"end":{"line":85,"column":62}},"17":{"start":{"line":86,"column":21},"end":{"line":86,"column":56}},"18":{"start":{"line":87,"column":25},"end":{"line":87,"column":61}},"19":{"start":{"line":89,"column":51},"end":{"line":117,"column":5}},"20":{"start":{"line":91,"column":8},"end":{"line":95,"column":9}},"21":{"start":{"line":92,"column":10},"end":{"line":92,"column":46}},"22":{"start":{"line":94,"column":10},"end":{"line":94,"column":48}},"23":{"start":{"line":97,"column":23},"end":{"line":100,"column":10}},"24":{"start":{"line":102,"column":21},"end":{"line":106,"column":38}},"25":{"start":{"line":108,"column":8},"end":{"line":115,"column":10}},"26":{"start":{"line":118,"column":4},"end":{"line":118,"column":35}},"27":{"start":{"line":120,"column":39},"end":{"line":123,"column":5}},"28":{"start":{"line":124,"column":42},"end":{"line":127,"column":5}},"29":{"start":{"line":130,"column":6},"end":{"line":132,"column":49}},"30":{"start":{"line":134,"column":18},"end":{"line":134,"column":47}},"31":{"start":{"line":135,"column":4},"end":{"line":163,"column":7}},"32":{"start":{"line":164,"column":4},"end":{"line":164,"column":24}},"33":{"start":{"line":167,"column":2},"end":{"line":169,"column":9}},"34":{"start":{"line":168,"column":4},"end":{"line":168,"column":22}},"35":{"start":{"line":171,"column":2},"end":{"line":176,"column":4}},"36":{"start":{"line":173,"column":6},"end":{"line":173,"column":25}},"37":{"start":{"line":174,"column":6},"end":{"line":174,"column":24}},"38":{"start":{"line":178,"column":2},"end":{"line":235,"column":4}},"39":{"start":{"line":227,"column":40},"end":{"line":227,"column":71}},"40":{"start":{"line":229,"column":38},"end":{"line":229,"column":45}}},"fnMap":{"0":{"name":"Dashboard","decl":{"start":{"line":46,"column":16},"end":{"line":46,"column":25}},"loc":{"start":{"line":46,"column":28},"end":{"line":236,"column":1}},"line":46},"1":{"name":"getLastTransactionDate","decl":{"start":{"line":58,"column":11},"end":{"line":58,"column":33}},"loc":{"start":{"line":61,"column":4},"end":{"line":79,"column":3}},"line":61},"2":{"name":"(anonymous_2)","decl":{"start":{"line":62,"column":49},"end":{"line":62,"column":50}},"loc":{"start":{"line":62,"column":59},"end":{"line":62,"column":77}},"line":62},"3":{"name":"(anonymous_3)","decl":{"start":{"line":69,"column":31},"end":{"line":69,"column":32}},"loc":{"start":{"line":69,"column":41},"end":{"line":69,"column":70}},"line":69},"4":{"name":"loadTransaction","decl":{"start":{"line":81,"column":17},"end":{"line":81,"column":32}},"loc":{"start":{"line":81,"column":35},"end":{"line":165,"column":3}},"line":81},"5":{"name":"(anonymous_5)","decl":{"start":{"line":90,"column":6},"end":{"line":90,"column":7}},"loc":{"start":{"line":90,"column":31},"end":{"line":116,"column":7}},"line":90},"6":{"name":"(anonymous_6)","decl":{"start":{"line":167,"column":12},"end":{"line":167,"column":13}},"loc":{"start":{"line":167,"column":18},"end":{"line":169,"column":3}},"line":167},"7":{"name":"(anonymous_7)","decl":{"start":{"line":172,"column":16},"end":{"line":172,"column":17}},"loc":{"start":{"line":172,"column":22},"end":{"line":175,"column":5}},"line":172},"8":{"name":"(anonymous_8)","decl":{"start":{"line":227,"column":26},"end":{"line":227,"column":27}},"loc":{"start":{"line":227,"column":40},"end":{"line":227,"column":71}},"line":227},"9":{"name":"(anonymous_9)","decl":{"start":{"line":229,"column":28},"end":{"line":229,"column":29}},"loc":{"start":{"line":229,"column":38},"end":{"line":229,"column":45}},"line":229}},"branchMap":{"0":{"loc":{"start":{"line":64,"column":4},"end":{"line":64,"column":49}},"type":"if","locations":[{"start":{"line":64,"column":4},"end":{"line":64,"column":49}},{"start":{"line":64,"column":4},"end":{"line":64,"column":49}}],"line":64},"1":{"loc":{"start":{"line":87,"column":25},"end":{"line":87,"column":61}},"type":"cond-expr","locations":[{"start":{"line":87,"column":36},"end":{"line":87,"column":56}},{"start":{"line":87,"column":59},"end":{"line":87,"column":61}}],"line":87},"2":{"loc":{"start":{"line":91,"column":8},"end":{"line":95,"column":9}},"type":"if","locations":[{"start":{"line":91,"column":8},"end":{"line":95,"column":9}},{"start":{"line":91,"column":8},"end":{"line":95,"column":9}}],"line":91},"3":{"loc":{"start":{"line":130,"column":6},"end":{"line":132,"column":49}},"type":"cond-expr","locations":[{"start":{"line":131,"column":10},"end":{"line":131,"column":29}},{"start":{"line":132,"column":10},"end":{"line":132,"column":49}}],"line":130},"4":{"loc":{"start":{"line":142,"column":10},"end":{"line":144,"column":64}},"type":"cond-expr","locations":[{"start":{"line":143,"column":14},"end":{"line":143,"column":33}},{"start":{"line":144,"column":14},"end":{"line":144,"column":64}}],"line":142},"5":{"loc":{"start":{"line":152,"column":10},"end":{"line":154,"column":65}},"type":"cond-expr","locations":[{"start":{"line":153,"column":14},"end":{"line":153,"column":33}},{"start":{"line":154,"column":14},"end":{"line":154,"column":65}}],"line":152},"6":{"loc":{"start":{"line":180,"column":7},"end":{"line":233,"column":7}},"type":"cond-expr","locations":[{"start":{"line":181,"column":8},"end":{"line":183,"column":24}},{"start":{"line":185,"column":8},"end":{"line":232,"column":11}}],"line":180}},"s":{"0":0,"1":0,"2":0,"3":0,"4":0,"5":0,"6":0,"7":0,"8":0,"9":0,"10":0,"11":0,"12":0,"13":0,"14":0,"15":0,"16":0,"17":0,"18":0,"19":0,"20":0,"21":0,"22":0,"23":0,"24":0,"25":0,"26":0,"27":0,"28":0,"29":0,"30":0,"31":0,"32":0,"33":0,"34":0,"35":0,"36":0,"37":0,"38":0,"39":0,"40":0},"f":{"0":0,"1":0,"2":0,"3":0,"4":0,"5":0,"6":0,"7":0,"8":0,"9":0},"b":{"0":[0,0],"1":[0,0],"2":[0,0],"3":[0,0],"4":[0,0],"5":[0,0],"6":[0,0]}}
,"C:\\dev\\rocketseat\\react native\\ignite-react-native\\gofinances\\src\\screens\\Profile\\index.tsx": {"path":"C:\\dev\\rocketseat\\react native\\ignite-react-native\\gofinances\\src\\screens\\Profile\\index.tsx","statementMap":{"0":{"start":{"line":6,"column":2},"end":{"line":22,"column":4}}},"fnMap":{"0":{"name":"Profile","decl":{"start":{"line":5,"column":16},"end":{"line":5,"column":23}},"loc":{"start":{"line":5,"column":26},"end":{"line":23,"column":1}},"line":5},"1":{"name":"(anonymous_1)","decl":{"start":{"line":20,"column":38},"end":{"line":20,"column":39}},"loc":{"start":{"line":20,"column":44},"end":{"line":20,"column":46}},"line":20}},"branchMap":{},"s":{"0":3},"f":{"0":3,"1":0},"b":{},"_coverageSchema":"1a1c01bbd47fc00a2c39e90264f33305004495a9","hash":"7dd00700263e61fee0aab48fab72d5a74beeffa6"}
,"C:\\dev\\rocketseat\\react native\\ignite-react-native\\gofinances\\src\\screens\\Register\\index.tsx": {"path":"C:\\dev\\rocketseat\\react native\\ignite-react-native\\gofinances\\src\\screens\\Register\\index.tsx","statementMap":{"0":{"start":{"line":32,"column":15},"end":{"line":38,"column":2}},"1":{"start":{"line":41,"column":48},"end":{"line":41,"column":60}},"2":{"start":{"line":42,"column":21},"end":{"line":42,"column":36}},"3":{"start":{"line":43,"column":52},"end":{"line":43,"column":67}},"4":{"start":{"line":44,"column":34},"end":{"line":47,"column":4}},"5":{"start":{"line":48,"column":19},"end":{"line":48,"column":28}},"6":{"start":{"line":55,"column":6},"end":{"line":57,"column":4}},"7":{"start":{"line":59,"column":2},"end":{"line":69,"column":13}},"8":{"start":{"line":60,"column":18},"end":{"line":66,"column":5}},"9":{"start":{"line":61,"column":22},"end":{"line":61,"column":64}},"10":{"start":{"line":62,"column":19},"end":{"line":62,"column":54}},"11":{"start":{"line":64,"column":6},"end":{"line":65,"column":7}},"12":{"start":{"line":68,"column":4},"end":{"line":68,"column":12}},"13":{"start":{"line":72,"column":4},"end":{"line":72,"column":29}},"14":{"start":{"line":76,"column":4},"end":{"line":76,"column":32}},"15":{"start":{"line":80,"column":4},"end":{"line":80,"column":31}},"16":{"start":{"line":83,"column":4},"end":{"line":83,"column":79}},"17":{"start":{"line":83,"column":26},"end":{"line":83,"column":79}},"18":{"start":{"line":85,"column":4},"end":{"line":86,"column":51}},"19":{"start":{"line":86,"column":6},"end":{"line":86,"column":51}},"20":{"start":{"line":88,"column":27},"end":{"line":95,"column":5}},"21":{"start":{"line":96,"column":4},"end":{"line":114,"column":5}},"22":{"start":{"line":97,"column":22},"end":{"line":97,"column":64}},"23":{"start":{"line":98,"column":19},"end":{"line":98,"column":54}},"24":{"start":{"line":99,"column":26},"end":{"line":99,"column":54}},"25":{"start":{"line":100,"column":28},"end":{"line":100,"column":60}},"26":{"start":{"line":102,"column":6},"end":{"line":102,"column":73}},"27":{"start":{"line":103,"column":6},"end":{"line":106,"column":9}},"28":{"start":{"line":107,"column":6},"end":{"line":107,"column":29}},"29":{"start":{"line":108,"column":6},"end":{"line":108,"column":14}},"30":{"start":{"line":109,"column":6},"end":{"line":109,"column":70}},"31":{"start":{"line":110,"column":6},"end":{"line":110,"column":38}},"32":{"start":{"line":112,"column":6},"end":{"line":112,"column":25}},"33":{"start":{"line":113,"column":6},"end":{"line":113,"column":45}},"34":{"start":{"line":117,"column":2},"end":{"line":177,"column":4}},"35":{"start":{"line":145,"column":31},"end":{"line":145,"column":62}},"36":{"start":{"line":151,"column":31},"end":{"line":151,"column":62}}},"fnMap":{"0":{"name":"Register","decl":{"start":{"line":40,"column":16},"end":{"line":40,"column":24}},"loc":{"start":{"line":40,"column":27},"end":{"line":178,"column":1}},"line":40},"1":{"name":"(anonymous_1)","decl":{"start":{"line":59,"column":12},"end":{"line":59,"column":13}},"loc":{"start":{"line":59,"column":18},"end":{"line":69,"column":3}},"line":59},"2":{"name":"(anonymous_2)","decl":{"start":{"line":60,"column":18},"end":{"line":60,"column":19}},"loc":{"start":{"line":60,"column":30},"end":{"line":66,"column":5}},"line":60},"3":{"name":"handleSelectionType","decl":{"start":{"line":71,"column":11},"end":{"line":71,"column":30}},"loc":{"start":{"line":71,"column":62},"end":{"line":73,"column":3}},"line":71},"4":{"name":"handleCloseSelectCategoryModal","decl":{"start":{"line":75,"column":11},"end":{"line":75,"column":41}},"loc":{"start":{"line":75,"column":44},"end":{"line":77,"column":3}},"line":75},"5":{"name":"handleOpenSelectCategoryModal","decl":{"start":{"line":79,"column":11},"end":{"line":79,"column":40}},"loc":{"start":{"line":79,"column":43},"end":{"line":81,"column":3}},"line":79},"6":{"name":"handleRegister","decl":{"start":{"line":82,"column":17},"end":{"line":82,"column":31}},"loc":{"start":{"line":82,"column":48},"end":{"line":115,"column":3}},"line":82},"7":{"name":"(anonymous_7)","decl":{"start":{"line":145,"column":25},"end":{"line":145,"column":26}},"loc":{"start":{"line":145,"column":31},"end":{"line":145,"column":62}},"line":145},"8":{"name":"(anonymous_8)","decl":{"start":{"line":151,"column":25},"end":{"line":151,"column":26}},"loc":{"start":{"line":151,"column":31},"end":{"line":151,"column":62}},"line":151}},"branchMap":{"0":{"loc":{"start":{"line":64,"column":6},"end":{"line":65,"column":7}},"type":"if","locations":[{"start":{"line":64,"column":6},"end":{"line":65,"column":7}},{"start":{"line":64,"column":6},"end":{"line":65,"column":7}}],"line":64},"1":{"loc":{"start":{"line":83,"column":4},"end":{"line":83,"column":79}},"type":"if","locations":[{"start":{"line":83,"column":4},"end":{"line":83,"column":79}},{"start":{"line":83,"column":4},"end":{"line":83,"column":79}}],"line":83},"2":{"loc":{"start":{"line":85,"column":4},"end":{"line":86,"column":51}},"type":"if","locations":[{"start":{"line":85,"column":4},"end":{"line":86,"column":51}},{"start":{"line":85,"column":4},"end":{"line":86,"column":51}}],"line":85},"3":{"loc":{"start":{"line":99,"column":26},"end":{"line":99,"column":54}},"type":"cond-expr","locations":[{"start":{"line":99,"column":33},"end":{"line":99,"column":49}},{"start":{"line":99,"column":52},"end":{"line":99,"column":54}}],"line":99},"4":{"loc":{"start":{"line":132,"column":21},"end":{"line":132,"column":55}},"type":"binary-expr","locations":[{"start":{"line":132,"column":21},"end":{"line":132,"column":32}},{"start":{"line":132,"column":36},"end":{"line":132,"column":55}}],"line":132},"5":{"loc":{"start":{"line":140,"column":21},"end":{"line":140,"column":59}},"type":"binary-expr","locations":[{"start":{"line":140,"column":21},"end":{"line":140,"column":34}},{"start":{"line":140,"column":38},"end":{"line":140,"column":59}}],"line":140}},"s":{"0":1,"1":2,"2":2,"3":2,"4":2,"5":2,"6":2,"7":2,"8":1,"9":1,"10":0,"11":0,"12":1,"13":0,"14":0,"15":1,"16":0,"17":0,"18":0,"19":0,"20":0,"21":0,"22":0,"23":0,"24":0,"25":0,"26":0,"27":0,"28":0,"29":0,"30":0,"31":0,"32":0,"33":0,"34":2,"35":0,"36":0},"f":{"0":2,"1":1,"2":1,"3":0,"4":0,"5":1,"6":0,"7":0,"8":0},"b":{"0":[0,0],"1":[0,0],"2":[0,0],"3":[0,0],"4":[2,0],"5":[2,0]},"_coverageSchema":"1a1c01bbd47fc00a2c39e90264f33305004495a9","hash":"c36bf714e79899eb1a9a39c22c9c130edc13e021"}
,"C:\\dev\\rocketseat\\react native\\ignite-react-native\\gofinances\\src\\screens\\Resume\\index.tsx": {"path":"C:\\dev\\rocketseat\\react native\\ignite-react-native\\gofinances\\src\\screens\\Resume\\index.tsx","statementMap":{"0":{"start":{"line":50,"column":36},"end":{"line":50,"column":51}},"1":{"start":{"line":51,"column":46},"end":{"line":51,"column":74}},"2":{"start":{"line":52,"column":42},"end":{"line":52,"column":62}},"3":{"start":{"line":53,"column":19},"end":{"line":53,"column":28}},"4":{"start":{"line":55,"column":16},"end":{"line":55,"column":26}},"5":{"start":{"line":59,"column":4},"end":{"line":63,"column":5}},"6":{"start":{"line":60,"column":6},"end":{"line":60,"column":50}},"7":{"start":{"line":62,"column":6},"end":{"line":62,"column":50}},"8":{"start":{"line":67,"column":4},"end":{"line":67,"column":23}},"9":{"start":{"line":68,"column":3},"end":{"line":68,"column":61}},"10":{"start":{"line":69,"column":20},"end":{"line":69,"column":62}},"11":{"start":{"line":70,"column":21},"end":{"line":70,"column":56}},"12":{"start":{"line":71,"column":30},"end":{"line":71,"column":66}},"13":{"start":{"line":73,"column":23},"end":{"line":78,"column":5}},"14":{"start":{"line":75,"column":8},"end":{"line":77,"column":77}},"15":{"start":{"line":80,"column":28},"end":{"line":85,"column":5}},"16":{"start":{"line":82,"column":8},"end":{"line":82,"column":54}},"17":{"start":{"line":87,"column":42},"end":{"line":87,"column":44}},"18":{"start":{"line":88,"column":4},"end":{"line":119,"column":7}},"19":{"start":{"line":89,"column":24},"end":{"line":89,"column":25}},"20":{"start":{"line":91,"column":6},"end":{"line":95,"column":9}},"21":{"start":{"line":92,"column":8},"end":{"line":94,"column":9}},"22":{"start":{"line":93,"column":10},"end":{"line":93,"column":50}},"23":{"start":{"line":96,"column":6},"end":{"line":118,"column":7}},"24":{"start":{"line":97,"column":31},"end":{"line":100,"column":10}},"25":{"start":{"line":102,"column":24},"end":{"line":102,"column":53}},"26":{"start":{"line":104,"column":33},"end":{"line":107,"column":23}},"27":{"start":{"line":109,"column":8},"end":{"line":117,"column":11}},"28":{"start":{"line":121,"column":4},"end":{"line":121,"column":37}},"29":{"start":{"line":122,"column":4},"end":{"line":122,"column":24}},"30":{"start":{"line":127,"column":2},"end":{"line":131,"column":4}},"31":{"start":{"line":129,"column":6},"end":{"line":129,"column":17}},"32":{"start":{"line":133,"column":2},"end":{"line":193,"column":4}},"33":{"start":{"line":152,"column":47},"end":{"line":152,"column":71}},"34":{"start":{"line":160,"column":47},"end":{"line":160,"column":71}},"35":{"start":{"line":168,"column":61},"end":{"line":168,"column":75}},"36":{"start":{"line":182,"column":14},"end":{"line":187,"column":16}}},"fnMap":{"0":{"name":"Resume","decl":{"start":{"line":49,"column":16},"end":{"line":49,"column":22}},"loc":{"start":{"line":49,"column":25},"end":{"line":194,"column":1}},"line":49},"1":{"name":"handleChangeDate","decl":{"start":{"line":57,"column":17},"end":{"line":57,"column":33}},"loc":{"start":{"line":57,"column":59},"end":{"line":64,"column":3}},"line":57},"2":{"name":"loadData","decl":{"start":{"line":66,"column":17},"end":{"line":66,"column":25}},"loc":{"start":{"line":66,"column":28},"end":{"line":123,"column":3}},"line":66},"3":{"name":"(anonymous_3)","decl":{"start":{"line":74,"column":6},"end":{"line":74,"column":7}},"loc":{"start":{"line":75,"column":8},"end":{"line":77,"column":77}},"line":75},"4":{"name":"(anonymous_4)","decl":{"start":{"line":81,"column":6},"end":{"line":81,"column":7}},"loc":{"start":{"line":81,"column":59},"end":{"line":83,"column":7}},"line":81},"5":{"name":"(anonymous_5)","decl":{"start":{"line":88,"column":23},"end":{"line":88,"column":24}},"loc":{"start":{"line":88,"column":37},"end":{"line":119,"column":5}},"line":88},"6":{"name":"(anonymous_6)","decl":{"start":{"line":91,"column":25},"end":{"line":91,"column":26}},"loc":{"start":{"line":91,"column":57},"end":{"line":95,"column":7}},"line":91},"7":{"name":"(anonymous_7)","decl":{"start":{"line":128,"column":16},"end":{"line":128,"column":17}},"loc":{"start":{"line":128,"column":22},"end":{"line":130,"column":5}},"line":128},"8":{"name":"(anonymous_8)","decl":{"start":{"line":152,"column":41},"end":{"line":152,"column":42}},"loc":{"start":{"line":152,"column":47},"end":{"line":152,"column":71}},"line":152},"9":{"name":"(anonymous_9)","decl":{"start":{"line":160,"column":41},"end":{"line":160,"column":42}},"loc":{"start":{"line":160,"column":47},"end":{"line":160,"column":71}},"line":160},"10":{"name":"(anonymous_10)","decl":{"start":{"line":168,"column":47},"end":{"line":168,"column":48}},"loc":{"start":{"line":168,"column":61},"end":{"line":168,"column":75}},"line":168},"11":{"name":"(anonymous_11)","decl":{"start":{"line":181,"column":32},"end":{"line":181,"column":33}},"loc":{"start":{"line":182,"column":14},"end":{"line":187,"column":16}},"line":182}},"branchMap":{"0":{"loc":{"start":{"line":59,"column":4},"end":{"line":63,"column":5}},"type":"if","locations":[{"start":{"line":59,"column":4},"end":{"line":63,"column":5}},{"start":{"line":59,"column":4},"end":{"line":63,"column":5}}],"line":59},"1":{"loc":{"start":{"line":71,"column":30},"end":{"line":71,"column":66}},"type":"cond-expr","locations":[{"start":{"line":71,"column":41},"end":{"line":71,"column":61}},{"start":{"line":71,"column":64},"end":{"line":71,"column":66}}],"line":71},"2":{"loc":{"start":{"line":75,"column":8},"end":{"line":77,"column":77}},"type":"binary-expr","locations":[{"start":{"line":75,"column":8},"end":{"line":75,"column":37}},{"start":{"line":76,"column":8},"end":{"line":76,"column":71}},{"start":{"line":77,"column":8},"end":{"line":77,"column":77}}],"line":75},"3":{"loc":{"start":{"line":92,"column":8},"end":{"line":94,"column":9}},"type":"if","locations":[{"start":{"line":92,"column":8},"end":{"line":94,"column":9}},{"start":{"line":92,"column":8},"end":{"line":94,"column":9}}],"line":92},"4":{"loc":{"start":{"line":96,"column":6},"end":{"line":118,"column":7}},"type":"if","locations":[{"start":{"line":96,"column":6},"end":{"line":118,"column":7}},{"start":{"line":96,"column":6},"end":{"line":118,"column":7}}],"line":96},"5":{"loc":{"start":{"line":138,"column":7},"end":{"line":191,"column":7}},"type":"cond-expr","locations":[{"start":{"line":139,"column":8},"end":{"line":141,"column":24}},{"start":{"line":143,"column":8},"end":{"line":190,"column":11}}],"line":138}},"s":{"0":0,"1":0,"2":0,"3":0,"4":0,"5":0,"6":0,"7":0,"8":0,"9":0,"10":0,"11":0,"12":0,"13":0,"14":0,"15":0,"16":0,"17":0,"18":0,"19":0,"20":0,"21":0,"22":0,"23":0,"24":0,"25":0,"26":0,"27":0,"28":0,"29":0,"30":0,"31":0,"32":0,"33":0,"34":0,"35":0,"36":0},"f":{"0":0,"1":0,"2":0,"3":0,"4":0,"5":0,"6":0,"7":0,"8":0,"9":0,"10":0,"11":0},"b":{"0":[0,0],"1":[0,0],"2":[0,0,0],"3":[0,0],"4":[0,0],"5":[0,0]}}
,"C:\\dev\\rocketseat\\react native\\ignite-react-native\\gofinances\\src\\screens\\SignIn\\index.tsx": {"path":"C:\\dev\\rocketseat\\react native\\ignite-react-native\\gofinances\\src\\screens\\SignIn\\index.tsx","statementMap":{"0":{"start":{"line":24,"column":48},"end":{"line":24,"column":57}},"1":{"start":{"line":25,"column":32},"end":{"line":25,"column":47}},"2":{"start":{"line":26,"column":16},"end":{"line":26,"column":26}},"3":{"start":{"line":29,"column":4},"end":{"line":36,"column":5}},"4":{"start":{"line":30,"column":6},"end":{"line":30,"column":23}},"5":{"start":{"line":31,"column":6},"end":{"line":31,"column":38}},"6":{"start":{"line":33,"column":6},"end":{"line":33,"column":25}},"7":{"start":{"line":34,"column":6},"end":{"line":34,"column":24}},"8":{"start":{"line":35,"column":6},"end":{"line":35,"column":64}},"9":{"start":{"line":40,"column":4},"end":{"line":47,"column":5}},"10":{"start":{"line":41,"column":6},"end":{"line":41,"column":23}},"11":{"start":{"line":42,"column":6},"end":{"line":42,"column":37}},"12":{"start":{"line":44,"column":6},"end":{"line":44,"column":25}},"13":{"start":{"line":45,"column":6},"end":{"line":45,"column":24}},"14":{"start":{"line":46,"column":6},"end":{"line":46,"column":64}},"15":{"start":{"line":50,"column":2},"end":{"line":89,"column":4}}},"fnMap":{"0":{"name":"SignIn","decl":{"start":{"line":23,"column":16},"end":{"line":23,"column":22}},"loc":{"start":{"line":23,"column":25},"end":{"line":90,"column":1}},"line":23},"1":{"name":"handlesignInWithGoogle","decl":{"start":{"line":28,"column":17},"end":{"line":28,"column":39}},"loc":{"start":{"line":28,"column":42},"end":{"line":37,"column":3}},"line":28},"2":{"name":"handlesignInWithApple","decl":{"start":{"line":39,"column":17},"end":{"line":39,"column":38}},"loc":{"start":{"line":39,"column":41},"end":{"line":48,"column":3}},"line":39}},"branchMap":{"0":{"loc":{"start":{"line":76,"column":11},"end":{"line":82,"column":11}},"type":"binary-expr","locations":[{"start":{"line":76,"column":11},"end":{"line":76,"column":32}},{"start":{"line":77,"column":12},"end":{"line":81,"column":14}}],"line":76},"1":{"loc":{"start":{"line":84,"column":9},"end":{"line":86,"column":9}},"type":"binary-expr","locations":[{"start":{"line":84,"column":9},"end":{"line":84,"column":16}},{"start":{"line":85,"column":10},"end":{"line":85,"column":71}}],"line":84}},"s":{"0":0,"1":0,"2":0,"3":0,"4":0,"5":0,"6":0,"7":0,"8":0,"9":0,"10":0,"11":0,"12":0,"13":0,"14":0,"15":0},"f":{"0":0,"1":0,"2":0},"b":{"0":[0,0],"1":[0,0]}}
}
