TN:
SF:src\components\Forms\Button\index.tsx
FN:11,Button
FNF:1
FNH:1
FNDA:4,Button
DA:12,4
LF:1
LH:1
BRF:0
BRH:0
end_of_record
TN:
SF:src\components\Forms\CategorySelectButton\index.tsx
FN:14,CategorySelectButton
FNF:1
FNH:1
FNDA:2,CategorySelectButton
DA:15,2
LF:1
LH:1
BRF:0
BRH:0
end_of_record
TN:
SF:src\components\Forms\Input\index.tsx
FN:12,Input
FNF:1
FNH:1
FNDA:5,Input
DA:13,5
LF:1
LH:1
BRDA:12,0,0,4
BRF:1
BRH:1
end_of_record
TN:
SF:src\components\Forms\InputForm\index.tsx
FN:14,InputForm
FN:19,(anonymous_1)
FNF:2
FNH:2
FNDA:4,InputForm
FNDA:4,(anonymous_1)
DA:15,4
DA:20,4
LF:2
LH:2
BRDA:24,0,0,4
BRDA:24,0,1,0
BRF:2
BRH:1
end_of_record
TN:
SF:src\components\Forms\TransactionTypeButton\index.tsx
FN:19,TransactionTypeButton
FNF:1
FNH:1
FNDA:4,TransactionTypeButton
DA:8,1
DA:20,4
LF:2
LH:2
BRF:0
BRH:0
end_of_record
TN:
SF:src\components\HighlightCard\index.tsx
FN:26,HighlightCard
FNF:1
FNH:0
FNDA:0,HighlightCard
DA:20,0
DA:27,0
LF:2
LH:0
BRF:0
BRH:0
end_of_record
TN:
SF:src\components\HistoryCard\index.tsx
FN:11,HistoryCard
FNF:1
FNH:0
FNDA:0,HistoryCard
DA:12,0
LF:1
LH:0
BRF:0
BRH:0
end_of_record
TN:
SF:src\components\SignInSocialButton\index.tsx
FN:12,SignInSocialButton
FNF:1
FNH:0
FNDA:0,SignInSocialButton
DA:13,0
LF:1
LH:0
BRF:0
BRH:0
end_of_record
TN:
SF:src\components\TransactionCard\index.tsx
FN:29,TransactionCard
FN:31,(anonymous_1)
FNF:2
FNH:0
FNDA:0,TransactionCard
FNDA:0,(anonymous_1)
DA:31,0
DA:33,0
LF:2
LH:0
BRDA:37,0,0,0
BRDA:37,0,1,0
BRF:2
BRH:0
end_of_record
TN:
SF:src\hooks\auth.tsx
FN:28,AuthProvider
FN:33,(anonymous_1)
FN:34,(anonymous_2)
FN:48,signInWithGoogle
FN:78,signInWithApple
FN:111,signOut
FN:131,useAuth
FNF:7
FNH:5
FNDA:5,AuthProvider
FNDA:3,(anonymous_1)
FNDA:3,(anonymous_2)
FNDA:3,signInWithGoogle
FNDA:0,signInWithApple
FNDA:0,signOut
FNDA:6,useAuth
DA:26,2
DA:29,5
DA:30,5
DA:31,5
DA:33,5
DA:34,3
DA:36,3
DA:39,3
DA:40,0
DA:42,3
DA:45,3
DA:49,3
DA:50,3
DA:58,3
DA:59,1
DA:65,1
DA:66,1
DA:67,1
DA:74,0
DA:79,0
DA:80,0
DA:87,0
DA:89,0
DA:90,0
DA:92,0
DA:98,0
DA:99,0
DA:100,0
DA:107,0
DA:112,0
DA:113,0
DA:116,5
DA:132,6
DA:133,6
LF:34
LH:20
BRDA:39,0,0,0
BRDA:39,0,1,3
BRDA:58,1,0,1
BRDA:58,1,1,2
BRDA:87,2,0,0
BRDA:87,2,1,0
BRF:6
BRH:3
end_of_record
TN:
SF:src\routes\app.routes.tsx
FN:12,AppRoutes
FN:32,(anonymous_1)
FN:41,(anonymous_2)
FN:50,(anonymous_3)
FNF:4
FNH:0
FNDA:0,AppRoutes
FNDA:0,(anonymous_1)
FNDA:0,(anonymous_2)
FNDA:0,(anonymous_3)
DA:10,0
DA:14,0
DA:16,0
DA:33,0
DA:42,0
DA:51,0
LF:6
LH:0
BRDA:23,0,0,0
BRDA:23,0,1,0
BRF:2
BRH:0
end_of_record
TN:
SF:src\routes\auth.routes.tsx
FN:8,AuRoutes
FNF:1
FNH:0
FNDA:0,AuRoutes
DA:6,0
DA:9,0
LF:2
LH:0
BRF:0
BRH:0
end_of_record
TN:
SF:src\routes\index.tsx
FN:9,Routes
FNF:1
FNH:0
FNDA:0,Routes
DA:10,0
DA:12,0
LF:2
LH:0
BRDA:14,0,0,0
BRDA:14,0,1,0
BRF:2
BRH:0
end_of_record
TN:
SF:src\screens\CategorySelect\index.tsx
FN:28,CategorySelect
FN:33,handleSelectionCategory
FN:46,(anonymous_2)
FN:47,(anonymous_3)
FN:49,(anonymous_4)
FN:56,(anonymous_5)
FNF:6
FNH:4
FNDA:2,CategorySelect
FNDA:0,handleSelectionCategory
FNDA:12,(anonymous_2)
FNDA:12,(anonymous_3)
FNDA:0,(anonymous_4)
FNDA:10,(anonymous_5)
DA:34,0
DA:37,2
DA:46,12
DA:48,12
DA:49,0
DA:56,10
LF:6
LH:4
BRF:0
BRH:0
end_of_record
TN:
SF:src\screens\Dashboard\index.tsx
FN:46,Dashboard
FN:58,getLastTransactionDate
FN:62,(anonymous_2)
FN:69,(anonymous_3)
FN:81,loadTransaction
FN:90,(anonymous_5)
FN:167,(anonymous_6)
FN:172,(anonymous_7)
FN:227,(anonymous_8)
FN:229,(anonymous_9)
FNF:10
FNH:0
FNDA:0,Dashboard
FNDA:0,getLastTransactionDate
FNDA:0,(anonymous_2)
FNDA:0,(anonymous_3)
FNDA:0,loadTransaction
FNDA:0,(anonymous_5)
FNDA:0,(anonymous_6)
FNDA:0,(anonymous_7)
FNDA:0,(anonymous_8)
FNDA:0,(anonymous_9)
DA:47,0
DA:48,0
DA:49,0
DA:50,0
DA:53,0
DA:55,0
DA:56,0
DA:62,0
DA:64,0
DA:66,0
DA:69,0
DA:73,0
DA:82,0
DA:83,0
DA:85,0
DA:86,0
DA:87,0
DA:89,0
DA:91,0
DA:92,0
DA:94,0
DA:97,0
DA:102,0
DA:108,0
DA:118,0
DA:120,0
DA:124,0
DA:130,0
DA:134,0
DA:135,0
DA:164,0
DA:167,0
DA:168,0
DA:171,0
DA:173,0
DA:174,0
DA:178,0
DA:227,0
DA:229,0
LF:39
LH:0
BRDA:64,0,0,0
BRDA:64,0,1,0
BRDA:87,1,0,0
BRDA:87,1,1,0
BRDA:91,2,0,0
BRDA:91,2,1,0
BRDA:130,3,0,0
BRDA:130,3,1,0
BRDA:142,4,0,0
BRDA:142,4,1,0
BRDA:152,5,0,0
BRDA:152,5,1,0
BRDA:180,6,0,0
BRDA:180,6,1,0
BRF:14
BRH:0
end_of_record
TN:
SF:src\screens\Profile\index.tsx
FN:5,Profile
FN:20,(anonymous_1)
FNF:2
FNH:1
FNDA:3,Profile
FNDA:0,(anonymous_1)
DA:6,3
LF:1
LH:1
BRF:0
BRH:0
end_of_record
TN:
SF:src\screens\Register\index.tsx
FN:40,Register
FN:59,(anonymous_1)
FN:60,(anonymous_2)
FN:71,handleSelectionType
FN:75,handleCloseSelectCategoryModal
FN:79,handleOpenSelectCategoryModal
FN:82,handleRegister
FN:145,(anonymous_7)
FN:151,(anonymous_8)
FNF:9
FNH:4
FNDA:2,Register
FNDA:1,(anonymous_1)
FNDA:1,(anonymous_2)
FNDA:0,handleSelectionType
FNDA:0,handleCloseSelectCategoryModal
FNDA:1,handleOpenSelectCategoryModal
FNDA:0,handleRegister
FNDA:0,(anonymous_7)
FNDA:0,(anonymous_8)
DA:32,1
DA:41,2
DA:42,2
DA:43,2
DA:44,2
DA:48,2
DA:55,2
DA:59,2
DA:60,1
DA:61,1
DA:62,0
DA:64,0
DA:68,1
DA:72,0
DA:76,0
DA:80,1
DA:83,0
DA:85,0
DA:86,0
DA:88,0
DA:96,0
DA:97,0
DA:98,0
DA:99,0
DA:100,0
DA:102,0
DA:103,0
DA:107,0
DA:108,0
DA:109,0
DA:110,0
DA:112,0
DA:113,0
DA:117,2
DA:145,0
DA:151,0
LF:36
LH:13
BRDA:64,0,0,0
BRDA:64,0,1,0
BRDA:83,1,0,0
BRDA:83,1,1,0
BRDA:85,2,0,0
BRDA:85,2,1,0
BRDA:99,3,0,0
BRDA:99,3,1,0
BRDA:132,4,0,2
BRDA:132,4,1,0
BRDA:140,5,0,2
BRDA:140,5,1,0
BRF:12
BRH:2
end_of_record
TN:
SF:src\screens\Resume\index.tsx
FN:49,Resume
FN:57,handleChangeDate
FN:66,loadData
FN:74,(anonymous_3)
FN:81,(anonymous_4)
FN:88,(anonymous_5)
FN:91,(anonymous_6)
FN:128,(anonymous_7)
FN:152,(anonymous_8)
FN:160,(anonymous_9)
FN:168,(anonymous_10)
FN:181,(anonymous_11)
FNF:12
FNH:0
FNDA:0,Resume
FNDA:0,handleChangeDate
FNDA:0,loadData
FNDA:0,(anonymous_3)
FNDA:0,(anonymous_4)
FNDA:0,(anonymous_5)
FNDA:0,(anonymous_6)
FNDA:0,(anonymous_7)
FNDA:0,(anonymous_8)
FNDA:0,(anonymous_9)
FNDA:0,(anonymous_10)
FNDA:0,(anonymous_11)
DA:50,0
DA:51,0
DA:52,0
DA:53,0
DA:55,0
DA:59,0
DA:60,0
DA:62,0
DA:67,0
DA:68,0
DA:69,0
DA:70,0
DA:71,0
DA:73,0
DA:75,0
DA:80,0
DA:82,0
DA:87,0
DA:88,0
DA:89,0
DA:91,0
DA:92,0
DA:93,0
DA:96,0
DA:97,0
DA:102,0
DA:104,0
DA:109,0
DA:121,0
DA:122,0
DA:127,0
DA:129,0
DA:133,0
DA:152,0
DA:160,0
DA:168,0
DA:182,0
LF:37
LH:0
BRDA:59,0,0,0
BRDA:59,0,1,0
BRDA:71,1,0,0
BRDA:71,1,1,0
BRDA:75,2,0,0
BRDA:75,2,1,0
BRDA:75,2,2,0
BRDA:92,3,0,0
BRDA:92,3,1,0
BRDA:96,4,0,0
BRDA:96,4,1,0
BRDA:138,5,0,0
BRDA:138,5,1,0
BRF:13
BRH:0
end_of_record
TN:
SF:src\screens\SignIn\index.tsx
FN:23,SignIn
FN:28,handlesignInWithGoogle
FN:39,handlesignInWithApple
FNF:3
FNH:0
FNDA:0,SignIn
FNDA:0,handlesignInWithGoogle
FNDA:0,handlesignInWithApple
DA:24,0
DA:25,0
DA:26,0
DA:29,0
DA:30,0
DA:31,0
DA:33,0
DA:34,0
DA:35,0
DA:40,0
DA:41,0
DA:42,0
DA:44,0
DA:45,0
DA:46,0
DA:50,0
LF:16
LH:0
BRDA:76,0,0,0
BRDA:76,0,1,0
BRDA:84,1,0,0
BRDA:84,1,1,0
BRF:4
BRH:0
end_of_record
